#
# There is insufficient memory for the Java Runtime Environment to continue.
# Native memory allocation (mmap) failed to map 402653184 bytes for Failed to commit area from 0x0000000680a00000 to 0x0000000698a00000 of length 402653184.
# Possible reasons:
#   The system is out of physical RAM or swap space
#   The process is running with CompressedOops enabled, and the Java Heap may be blocking the growth of the native heap
# Possible solutions:
#   Reduce memory load on the system
#   Increase physical memory or swap space
#   Check if swap backing store is full
#   Decrease Java heap size (-Xmx/-Xms)
#   Decrease number of Java threads
#   Decrease Java thread stack sizes (-Xss)
#   Set larger code cache with -XX:ReservedCodeCacheSize=
#   JVM is running with Zero Based Compressed Oops mode in which the Java heap is
#     placed in the first 32GB address space. The Java Heap base address is the
#     maximum limit for the native heap growth. Please use -XX:HeapBaseMinAddress
#     to set the Java Heap base and to place the Java Heap above 32GB virtual address.
# This output file may be truncated or incomplete.
#
#  Out of Memory Error (./open/src/hotspot/os/windows/os_windows.cpp:3315), pid=17748, tid=7908
#
# JRE version:  (14.0.1+7) (build )
# Java VM: OpenJDK 64-Bit Server VM (14.0.1+7, mixed mode, sharing, tiered, compressed oops, g1 gc, windows-amd64)
# No core dump will be written. Minidumps are not enabled by default on client versions of Windows
#

---------------  S U M M A R Y ------------

Command Line: -javaagent:C:\Program Files\JetBrains\IntelliJ IDEA Community Edition 2020.1\lib\idea_rt.jar=53575:C:\Program Files\JetBrains\IntelliJ IDEA Community Edition 2020.1\bin -Dfile.encoding=UTF-8 Main

Host: Intel(R) Core(TM) i5-2400 CPU @ 3.10GHz, 4 cores, 23G,  Windows 10 , 64 bit Build 19041 (10.0.19041.662)
Time: Thu Jan 21 08:30:41 2021 RTZ 4 (зима) elapsed time: 0 seconds (0d 0h 0m 0s)

---------------  T H R E A D  ---------------

Current thread (0x0000025f48709000):  JavaThread "Unknown thread" [_thread_in_vm, id=7908, stack(0x00000098c6f00000,0x00000098c7000000)]

Stack: [0x00000098c6f00000,0x00000098c7000000]
Native frames: (J=compiled Java code, j=interpreted, Vv=VM code, C=native code)
V  [jvm.dll+0x5f840a]
V  [jvm.dll+0x741e4a]
V  [jvm.dll+0x7435ff]
V  [jvm.dll+0x743c43]
V  [jvm.dll+0x20d288]
V  [jvm.dll+0x5f57ba]
V  [jvm.dll+0x5ea615]
V  [jvm.dll+0x2c7e9c]
V  [jvm.dll+0x2c7cd2]
V  [jvm.dll+0x2cdbbc]
V  [jvm.dll+0x313ff8]
V  [jvm.dll+0x313720]
V  [jvm.dll+0x2a092a]
V  [jvm.dll+0x2a1a79]
V  [jvm.dll+0x71f718]
V  [jvm.dll+0x321c44]
V  [jvm.dll+0x700b0c]
V  [jvm.dll+0x392dff]
V  [jvm.dll+0x394e71]
C  [jli.dll+0x523b]
C  [ucrtbase.dll+0x214c2]
C  [KERNEL32.DLL+0x17034]
C  [ntdll.dll+0x4d0d1]


---------------  P R O C E S S  ---------------

Threads class SMR info:
_java_thread_list=0x00007fff414c3078, length=0, elements={
}

Java Threads: ( => current thread )

Other Threads:
  0x0000025f48794000 GCTaskThread "GC Thread#0" [stack: 0x00000098c7000000,0x00000098c7100000] [id=4828]
  0x0000025f487c5800 ConcurrentGCThread "G1 Main Marker" [stack: 0x00000098c7100000,0x00000098c7200000] [id=17924]
  0x0000025f487c6800 ConcurrentGCThread "G1 Conc#0" [stack: 0x00000098c7200000,0x00000098c7300000] [id=9792]

[error occurred during error reporting (printing all threads), id 0xc0000005, EXCEPTION_ACCESS_VIOLATION (0xc0000005) at pc=0x00007fff40cf1257]

VM state:not at safepoint (not fully initialized)

VM Mutex/Monitor currently owned by a thread:  ([mutex/lock_event])
[0x0000025f48703ae0] Heap_lock - owner thread: 0x0000025f48709000

Heap address: 0x0000000680a00000, size: 6134 MB, Compressed Oops mode: Zero based, Oop shift amount: 3
Narrow klass base: 0x0000000000000000, Narrow klass shift: 0

GC Heap History (0 events):
No events

Deoptimization events (0 events):
No events

Classes unloaded (0 events):
No events

Classes redefined (0 events):
No events

Internal exceptions (0 events):
No events

Events (2 events):
Event: 0.013 Loaded shared library C:\Users\achesnokov\.jdks\openjdk-14.0.1\bin\java.dll
Event: 0.013 Loaded shared library C:\Users\achesnokov\.jdks\openjdk-14.0.1\bin\zip.dll


Dynamic libraries:
0x00007ff604850000 - 0x00007ff60485d000 	C:\Users\achesnokov\.jdks\openjdk-14.0.1\bin\java.exe
0x00007fff7cc10000 - 0x00007fff7ce06000 	C:\WINDOWS\SYSTEM32\ntdll.dll
0x00007fff7c930000 - 0x00007fff7c9ed000 	C:\WINDOWS\System32\KERNEL32.DLL
0x00007fff79dc0000 - 0x00007fff7a089000 	C:\WINDOWS\System32\KERNELBASE.dll
0x00007fff79ad0000 - 0x00007fff79bd0000 	C:\WINDOWS\System32\ucrtbase.dll
0x00007fff57eb0000 - 0x00007fff57ec8000 	C:\Users\achesnokov\.jdks\openjdk-14.0.1\bin\jli.dll
0x00007fff7ad50000 - 0x00007fff7aef0000 	C:\WINDOWS\System32\USER32.dll
0x00007fff79bd0000 - 0x00007fff79bf2000 	C:\WINDOWS\System32\win32u.dll
0x00007fff7a740000 - 0x00007fff7a76a000 	C:\WINDOWS\System32\GDI32.dll
0x00007fff7a1c0000 - 0x00007fff7a2cb000 	C:\WINDOWS\System32\gdi32full.dll
0x00007fff799e0000 - 0x00007fff79a7d000 	C:\WINDOWS\System32\msvcp_win.dll
0x00007fff57e90000 - 0x00007fff57ea5000 	C:\Users\achesnokov\.jdks\openjdk-14.0.1\bin\VCRUNTIME140.dll
0x00007fff61b60000 - 0x00007fff61dfb000 	C:\WINDOWS\WinSxS\amd64_microsoft.windows.common-controls_6595b64144ccf1df_6.0.19041.746_none_ca02b4b61b8320a4\COMCTL32.dll
0x00007fff7b2d0000 - 0x00007fff7b36e000 	C:\WINDOWS\System32\msvcrt.dll
0x00007fff7b6d0000 - 0x00007fff7b700000 	C:\WINDOWS\System32\IMM32.DLL
0x00007fff45a00000 - 0x00007fff45a9b000 	C:\Users\achesnokov\.jdks\openjdk-14.0.1\bin\msvcp140.dll
0x00007fff40a40000 - 0x00007fff4155e000 	C:\Users\achesnokov\.jdks\openjdk-14.0.1\bin\server\jvm.dll
0x00007fff7a820000 - 0x00007fff7a8cc000 	C:\WINDOWS\System32\ADVAPI32.dll
0x00007fff7c1b0000 - 0x00007fff7c24c000 	C:\WINDOWS\System32\sechost.dll
0x00007fff7c9f0000 - 0x00007fff7cb1b000 	C:\WINDOWS\System32\RPCRT4.dll
0x00007fff7a9b0000 - 0x00007fff7a9b8000 	C:\WINDOWS\System32\PSAPI.DLL
0x00007fff6f770000 - 0x00007fff6f779000 	C:\WINDOWS\SYSTEM32\WSOCK32.dll
0x00007fff7c730000 - 0x00007fff7c79b000 	C:\WINDOWS\System32\WS2_32.dll
0x00007fff702a0000 - 0x00007fff702c7000 	C:\WINDOWS\SYSTEM32\WINMM.dll
0x00007fff740f0000 - 0x00007fff740fa000 	C:\WINDOWS\SYSTEM32\VERSION.dll
0x00007fff77930000 - 0x00007fff77942000 	C:\WINDOWS\SYSTEM32\kernel.appcore.dll
0x00007fff58190000 - 0x00007fff5819a000 	C:\Users\achesnokov\.jdks\openjdk-14.0.1\bin\jimage.dll
0x00007fff547e0000 - 0x00007fff549c4000 	C:\WINDOWS\SYSTEM32\DBGHELP.DLL
0x00007fff542c0000 - 0x00007fff542ec000 	C:\WINDOWS\SYSTEM32\dbgcore.DLL
0x00007fff7a140000 - 0x00007fff7a1c0000 	C:\WINDOWS\System32\bcryptPrimitives.dll
0x00007fff56bc0000 - 0x00007fff56bce000 	C:\Users\achesnokov\.jdks\openjdk-14.0.1\bin\instrument.dll
0x00007fff56bd0000 - 0x00007fff56bf5000 	C:\Users\achesnokov\.jdks\openjdk-14.0.1\bin\java.dll
0x00007fff57250000 - 0x00007fff57266000 	C:\Users\achesnokov\.jdks\openjdk-14.0.1\bin\zip.dll

dbghelp: loaded successfully - version: 4.0.5 - missing functions: none
symbol engine: initialized successfully - sym options: 0x614 - pdb path: .;C:\Users\achesnokov\.jdks\openjdk-14.0.1\bin;C:\WINDOWS\SYSTEM32;C:\WINDOWS\WinSxS\amd64_microsoft.windows.common-controls_6595b64144ccf1df_6.0.19041.746_none_ca02b4b61b8320a4;C:\Users\achesnokov\.jdks\openjdk-14.0.1\bin\server

VM Arguments:
jvm_args: -javaagent:C:\Program Files\JetBrains\IntelliJ IDEA Community Edition 2020.1\lib\idea_rt.jar=53575:C:\Program Files\JetBrains\IntelliJ IDEA Community Edition 2020.1\bin -Dfile.encoding=UTF-8 
java_command: Main
java_class_path (initial): C:\Users\achesnokov\IdeaProjects\Regedit\out\production\Regedit;C:\Users\achesnokov\IdeaProjects\Regedit\jxl.jar
Launcher Type: SUN_STANDARD

[Global flags]
     intx CICompilerCount                          = 3                                         {product} {ergonomic}
     uint ConcGCThreads                            = 1                                         {product} {ergonomic}
     uint G1ConcRefinementThreads                  = 4                                         {product} {ergonomic}
   size_t G1HeapRegionSize                         = 1048576                                   {product} {ergonomic}
    uintx GCDrainStackTargetSize                   = 64                                        {product} {ergonomic}
   size_t InitialHeapSize                          = 402653184                                 {product} {ergonomic}
   size_t MarkStackSize                            = 4194304                                   {product} {ergonomic}
   size_t MaxHeapSize                              = 6431965184                                {product} {ergonomic}
   size_t MinHeapDeltaBytes                        = 1048576                                   {product} {ergonomic}
   size_t MinHeapSize                              = 8388608                                   {product} {ergonomic}
    uintx NonNMethodCodeHeapSize                   = 5832780                                {pd product} {ergonomic}
    uintx NonProfiledCodeHeapSize                  = 122912730                              {pd product} {ergonomic}
    uintx ProfiledCodeHeapSize                     = 122912730                              {pd product} {ergonomic}
    uintx ReservedCodeCacheSize                    = 251658240                              {pd product} {ergonomic}
     bool SegmentedCodeCache                       = true                                      {product} {ergonomic}
   size_t SoftMaxHeapSize                          = 6431965184                             {manageable} {ergonomic}
     bool UseCompressedClassPointers               = true                                 {lp64_product} {ergonomic}
     bool UseCompressedOops                        = true                                 {lp64_product} {ergonomic}
     bool UseG1GC                                  = true                                      {product} {ergonomic}
     bool UseLargePagesIndividualAllocation        = false                                  {pd product} {ergonomic}

Logging:
Log output configuration:
 #0: stdout all=warning uptime,level,tags
 #1: stderr all=off uptime,level,tags

Environment Variables:
PATH=C:\Program Files (x86)\Common Files\Oracle\Java\javapath;C:\Windows\system32;C:\Windows;C:\Windows\System32\Wbem;C:\Windows\System32\WindowsPowerShell\v1.0\;C:\Program Files (x86)\NVIDIA Corporation\PhysX\Common;C:\Program Files\dotnet\;C:\Program Files\Git\cmd;C:\WINDOWS\system32;C:\WINDOWS;C:\WINDOWS\System32\Wbem;C:\WINDOWS\System32\WindowsPowerShell\v1.0\;C:\WINDOWS\System32\OpenSSH\;C:\Program Files\PuTTY\;C:\Users\achesnokov\AppData\Local\Microsoft\WindowsApps;C:\Program Files\Maven\bin;
USERNAME=achesnokov
OS=Windows_NT
PROCESSOR_IDENTIFIER=Intel64 Family 6 Model 42 Stepping 7, GenuineIntel



---------------  S Y S T E M  ---------------

OS: Windows 10 , 64 bit Build 19041 (10.0.19041.662)
OS uptime: 2 days 21:49 hours

CPU:total 4 (initial active 4) (4 cores per cpu, 1 threads per core) family 6 model 42 stepping 7, cmov, cx8, fxsr, mmx, sse, sse2, sse3, ssse3, sse4.1, sse4.2, popcnt, avx, aes, clmul, tsc, tscinvbit

Memory: 4k page, system-wide physical 24532M (12145M free)
TotalPageFile size 24532M (AvailPageFile size 193M)
current process WorkingSet (physical memory assigned to process): 10M, peak: 10M
current process commit charge ("private bytes"): 52M, peak: 436M

vm_info: OpenJDK 64-Bit Server VM (14.0.1+7) for windows-amd64 JRE (14.0.1+7), built on Mar  5 2020 10:30:04 by "mach5one" with MS VC++ 15.9 (VS2017)

END.
